<?xml version="1.0" encoding="UTF-8"?>
<!-- Generated by org.testng.reporters.JUnitXMLReporter -->
<testsuite hostname="DESKTOP-8ILQ9S0" failures="0" tests="3" name="Test Case-1" time="0.072" errors="0" timestamp="18 Sep 2021 11:03:19 GMT">
  <testcase classname="com.qa.automation.test.class1Test" name="checkFrst_method" time="0.027"/>
  <testcase classname="com.qa.automation.test.class1Test" name="checkFrst_method2" time="0.003"/>
  <testcase classname="com.qa.automation.test.class1Test" name="checkFrst_method3" time="0.007"/>
</testsuite> <!-- Test Case-1 -->
