<?xml version="1.0" encoding="UTF-8"?>
<testng-results ignored="0" total="1" passed="1" failed="0" skipped="0">
  <reporter-output>
  </reporter-output>
  <suite started-at="2022-07-03T00:03:19 IST" name="Default suite" finished-at="2022-07-03T00:03:28 IST" duration-ms="9767">
    <groups>
    </groups>
    <test started-at="2022-07-03T00:03:19 IST" name="Default test" finished-at="2022-07-03T00:03:28 IST" duration-ms="9767">
      <class name="com.qa.automation.test.TC001_DemoTest">
        <test-method signature="ValidateHomePage(java.util.Hashtable, org.testng.ITestContext)[pri:0, instance:com.qa.automation.test.TC001_DemoTest@3646a422]" started-at="2022-07-03T00:03:20 IST" name="ValidateHomePage" data-provider="readtestData" finished-at="2022-07-03T00:03:28 IST" duration-ms="8623" status="PASS">
          <params>
            <param index="0">
              <value>
                <![CDATA[{First Name=TestUser1, TC_Name=TC001_DemoTest, Last Name=abcd1234, Browser=Edge}]]>
              </value>
            </param>
            <param index="1">
              <value>
                <![CDATA[org.testng.TestRunner@3542162a]]>
              </value>
            </param>
          </params>
          <reporter-output>
          </reporter-output>
        </test-method> <!-- ValidateHomePage -->
      </class> <!-- com.qa.automation.test.TC001_DemoTest -->
    </test> <!-- Default test -->
  </suite> <!-- Default suite -->
</testng-results>
